C:\Users\Matthew\Desktop\e-commerce-back-end-master\PcParts\wwwroot\clientapp\out-tsc\app\product.model.js
C:\Users\Matthew\Desktop\e-commerce-back-end-master\PcParts\wwwroot\clientapp\out-tsc\app\product.model.js.map
C:\Users\Matthew\Desktop\e-commerce-back-end-master\PcParts\wwwroot\clientapp\out-tsc\app\product.service.js
C:\Users\Matthew\Desktop\e-commerce-back-end-master\PcParts\wwwroot\clientapp\out-tsc\app\product.service.js.map
C:\Users\Matthew\Desktop\e-commerce-back-end-master\PcParts\wwwroot\clientapp\out-tsc\app\app.component.js
C:\Users\Matthew\Desktop\e-commerce-back-end-master\PcParts\wwwroot\clientapp\out-tsc\app\app.component.js.map
C:\Users\Matthew\Desktop\e-commerce-back-end-master\PcParts\wwwroot\clientapp\out-tsc\app\product-details\product-details.component.js
C:\Users\Matthew\Desktop\e-commerce-back-end-master\PcParts\wwwroot\clientapp\out-tsc\app\product-details\product-details.component.js.map
C:\Users\Matthew\Desktop\e-commerce-back-end-master\PcParts\wwwroot\clientapp\out-tsc\app\login\login.component.js
C:\Users\Matthew\Desktop\e-commerce-back-end-master\PcParts\wwwroot\clientapp\out-tsc\app\login\login.component.js.map
C:\Users\Matthew\Desktop\e-commerce-back-end-master\PcParts\wwwroot\clientapp\out-tsc\app\register\register.component.js
C:\Users\Matthew\Desktop\e-commerce-back-end-master\PcParts\wwwroot\clientapp\out-tsc\app\register\register.component.js.map
C:\Users\Matthew\Desktop\e-commerce-back-end-master\PcParts\wwwroot\clientapp\out-tsc\app\contact\contact.component.js
C:\Users\Matthew\Desktop\e-commerce-back-end-master\PcParts\wwwroot\clientapp\out-tsc\app\contact\contact.component.js.map
C:\Users\Matthew\Desktop\e-commerce-back-end-master\PcParts\wwwroot\clientapp\out-tsc\app\updaterows.pipe.js
C:\Users\Matthew\Desktop\e-commerce-back-end-master\PcParts\wwwroot\clientapp\out-tsc\app\updaterows.pipe.js.map
C:\Users\Matthew\Desktop\e-commerce-back-end-master\PcParts\wwwroot\clientapp\out-tsc\app\app.module.js
C:\Users\Matthew\Desktop\e-commerce-back-end-master\PcParts\wwwroot\clientapp\out-tsc\app\app.module.js.map
C:\Users\Matthew\Desktop\e-commerce-back-end-master\PcParts\wwwroot\clientapp\out-tsc\environments\environment.js
C:\Users\Matthew\Desktop\e-commerce-back-end-master\PcParts\wwwroot\clientapp\out-tsc\environments\environment.js.map
C:\Users\Matthew\Desktop\e-commerce-back-end-master\PcParts\wwwroot\clientapp\out-tsc\main.js
C:\Users\Matthew\Desktop\e-commerce-back-end-master\PcParts\wwwroot\clientapp\out-tsc\main.js.map
C:\Users\Matthew\Desktop\e-commerce-back-end-master\PcParts\wwwroot\clientapp\out-tsc\polyfills.js
C:\Users\Matthew\Desktop\e-commerce-back-end-master\PcParts\wwwroot\clientapp\out-tsc\polyfills.js.map
C:\Users\Matthew\Desktop\e-commerce-back-end-master\PcParts\wwwroot\clientapp\out-tsc\test.js
C:\Users\Matthew\Desktop\e-commerce-back-end-master\PcParts\wwwroot\clientapp\out-tsc\test.js.map
C:\Users\Matthew\Desktop\e-commerce-back-end-master\PcParts\wwwroot\clientapp\out-tsc\app\app.component.spec.js
C:\Users\Matthew\Desktop\e-commerce-back-end-master\PcParts\wwwroot\clientapp\out-tsc\app\app.component.spec.js.map
C:\Users\Matthew\Desktop\e-commerce-back-end-master\PcParts\wwwroot\clientapp\out-tsc\environments\environment.prod.js
C:\Users\Matthew\Desktop\e-commerce-back-end-master\PcParts\wwwroot\clientapp\out-tsc\environments\environment.prod.js.map
